<?xml version="1.0" encoding="UTF-8"?>
<!-- Generated by org.testng.reporters.JUnitReportReporter -->
<testsuite hostname="DESKTOP-50STB5G" failures="0" tests="1" name="FirstClass" time="3.248" errors="0" timestamp="2021-08-26T12:13:09 GMT+08:00" skipped="0">
  <testcase classname="FirstClass" name="testList" time="3.248"/>
  <system-out/>
</testsuite> <!-- FirstClass -->
