<?xml version="1.0" encoding="UTF-8"?>
<!-- Generated by org.testng.reporters.JUnitReportReporter -->
<testsuite hostname="DESKTOP-50STB5G" failures="0" tests="1" name="testNGPackage.Activity2" time="2.735" errors="0" timestamp="2021-08-26T12:22:13 GMT+08:00" skipped="0">
  <testcase classname="testNGPackage.Activity2" name="testList" time="2.735"/>
  <system-out/>
</testsuite> <!-- testNGPackage.Activity2 -->
